<?xml version="1.0" encoding="UTF-8"?>
<!-- Generated by org.testng.reporters.JUnitXMLReporter -->
<testsuite hostname="Pooja" name="ChromeTest" tests="3" failures="0" timestamp="2 Jan 2016 21:39:25 GMT" time="108.344" errors="0">
  <testcase name="test_LoginPage_VerifyLogin" time="26.515" classname="Guru99Pack.Test_LoginPage"/>
  <testcase name="test_HomePage_VerifyWelcomeText" time="2.765" classname="Guru99Pack.Test_HomePage"/>
  <testcase name="test_ClickingsidebarMenu" time="49.86" classname="Guru99Pack.Test_HomePage"/>
</testsuite> <!-- ChromeTest -->
