<?xml version="1.0" encoding="UTF-8"?>
<!-- Generated by org.testng.reporters.JUnitXMLReporter -->
<testsuite hostname="Pooja" name="ChromeTest" tests="3" failures="0" timestamp="15 Dec 2015 19:09:54 GMT" time="72.117" errors="0">
  <testcase name="test_LoginPage_VerifyLogin" time="10.577" classname="Guru99Pack.Test_LoginPage"/>
  <testcase name="test_HomePage_VerifyWelcomeText" time="2.781" classname="Guru99Pack.Test_HomePage"/>
  <testcase name="test_ClickingsidebarMenu" time="29.966" classname="Guru99Pack.Test_HomePage"/>
</testsuite> <!-- ChromeTest -->
