<?xml version="1.0" encoding="UTF-8"?>
<!-- Generated by org.testng.reporters.JUnitXMLReporter -->
<testsuite hostname="Pooja" name="FirefoxTest" tests="3" failures="0" timestamp="31 Dec 2015 11:03:54 GMT" time="96.828" errors="0">
  <testcase name="test_LoginPage_VerifyLogin" time="3.75" classname="Guru99Pack.Test_LoginPage"/>
  <testcase name="test_HomePage_VerifyWelcomeText" time="4.0" classname="Guru99Pack.Test_HomePage"/>
  <testcase name="test_ClickingsidebarMenu" time="24.437" classname="Guru99Pack.Test_HomePage"/>
</testsuite> <!-- FirefoxTest -->
