<?xml version="1.0" encoding="UTF-8"?>
<!-- Generated by org.testng.reporters.JUnitXMLReporter -->
<testsuite hostname="Pooja" name="FirefoxTest" tests="3" failures="0" timestamp="7 Jan 2016 19:57:17 GMT" time="140.672" errors="0">
  <testcase name="test_LoginPage_VerifyLogin" time="14.625" classname="Guru99Pack.Test_LoginPage"/>
  <testcase name="test_HomePage_VerifyWelcomeText" time="4.406" classname="Guru99Pack.Test_HomePage"/>
  <testcase name="test_ClickingsidebarMenu" time="38.703" classname="Guru99Pack.Test_HomePage"/>
</testsuite> <!-- FirefoxTest -->
