<?xml version="1.0" encoding="UTF-8"?>
<!-- Generated by org.testng.reporters.JUnitXMLReporter -->
<testsuite hostname="Pooja" name="Test" tests="3" failures="0" timestamp="13 Dec 2015 07:50:14 GMT" time="99.625" errors="0">
  <testcase name="test_HomePage_VerifyWelcomeText" time="4.531" classname="Guru99Pack.Test_HomePage"/>
  <testcase name="test_ClickingsidebarMenu" time="24.016" classname="Guru99Pack.Test_HomePage"/>
  <testcase name="test_LoginPage_VerifyLogin" time="2.703" classname="Guru99Pack.Test_LoginPage"/>
</testsuite> <!-- Test -->
