<?xml version="1.0" encoding="UTF-8"?>
<!-- Generated by org.testng.reporters.JUnitXMLReporter -->
<testsuite hostname="Pooja" name="Test" tests="3" failures="0" timestamp="14 Dec 2015 12:01:01 GMT" time="105.64" errors="0">
  <testcase name="test_LoginPage_VerifyLogin" time="7.813" classname="Guru99Pack.Test_LoginPage"/>
  <testcase name="test_HomePage_VerifyWelcomeText" time="2.406" classname="Guru99Pack.Test_HomePage"/>
  <testcase name="test_ClickingsidebarMenu" time="25.11" classname="Guru99Pack.Test_HomePage"/>
</testsuite> <!-- Test -->
