<?xml version="1.0" encoding="UTF-8"?>
<testng-results skipped="0" failed="0" total="3" passed="3">
  <reporter-output>
    <line>
      <![CDATA[Application is loaded]]>
    </line>
    <line>
      <![CDATA[User is logged in successfully]]>
    </line>
    <line>
      <![CDATA[Title of login page is:guru99 bank]]>
    </line>
    <line>
      <![CDATA[User is logged in successfully and the login page is also verified]]>
    </line>
    <line>
      <![CDATA[Application is logged out]]>
    </line>
    <line>
      <![CDATA[Application is loaded]]>
    </line>
    <line>
      <![CDATA[User is logged in successfully]]>
    </line>
    <line>
      <![CDATA[Welcome text is:Welcome To Manager's Page of Guru99 Bank]]>
    </line>
    <line>
      <![CDATA[Application is logged out]]>
    </line>
    <line>
      <![CDATA[Application is loaded]]>
    </line>
    <line>
      <![CDATA[User is logged in successfully]]>
    </line>
    <line>
      <![CDATA[User is navigated to New Customer Page successfully]]>
    </line>
    <line>
      <![CDATA[User is navigated to Edit Customer Page successfully]]>
    </line>
    <line>
      <![CDATA[User is navigated to Delete Customer Page successfully]]>
    </line>
    <line>
      <![CDATA[User is navigated to New Account Page successfully]]>
    </line>
    <line>
      <![CDATA[User is navigated to Edit Account Page successfully]]>
    </line>
    <line>
      <![CDATA[User is navigated to Delete Account Page successfully]]>
    </line>
    <line>
      <![CDATA[User is navigated to Deposit Page successfully]]>
    </line>
    <line>
      <![CDATA[User is navigated to Withdrawal Page successfully]]>
    </line>
    <line>
      <![CDATA[User is navigated to Fund Transfer Page successfully]]>
    </line>
    <line>
      <![CDATA[User is navigated to Change password Page successfully]]>
    </line>
    <line>
      <![CDATA[User is navigated Balance Enqiry Page successfully]]>
    </line>
    <line>
      <![CDATA[User is navigated to Mini Statement Page successfully]]>
    </line>
    <line>
      <![CDATA[User is navigated to Customised Statement Page successfully]]>
    </line>
    <line>
      <![CDATA[Application is logged out]]>
    </line>
  </reporter-output>
  <suite name="Suite" duration-ms="77828" started-at="2015-12-14T13:13:48Z" finished-at="2015-12-14T13:15:06Z">
    <groups>
    </groups>
    <test name="Test" duration-ms="77828" started-at="2015-12-14T13:13:48Z" finished-at="2015-12-14T13:15:06Z">
      <class name="Guru99Pack.Test_HomePage">
        <test-method status="PASS" signature="precondition(java.lang.String)[pri:0, instance:Guru99Pack.Test_HomePage@13a6057]" name="precondition" is-config="true" duration-ms="9937" started-at="2015-12-14T18:44:12Z" finished-at="2015-12-14T18:44:22Z">
          <params>
            <param index="0">
              <value>
                <![CDATA[Firefox]]>
              </value>
            </param>
          </params>
          <reporter-output>
            <line>
              <![CDATA[Application is loaded]]>
            </line>
          </reporter-output>
        </test-method> <!-- precondition -->
        <test-method status="PASS" signature="test_HomePage_VerifyWelcomeText()[pri:1, instance:Guru99Pack.Test_HomePage@13a6057]" name="test_HomePage_VerifyWelcomeText" duration-ms="4766" started-at="2015-12-14T18:44:22Z" finished-at="2015-12-14T18:44:27Z">
          <reporter-output>
            <line>
              <![CDATA[User is logged in successfully]]>
            </line>
            <line>
              <![CDATA[Welcome text is:Welcome To Manager's Page of Guru99 Bank]]>
            </line>
          </reporter-output>
        </test-method> <!-- test_HomePage_VerifyWelcomeText -->
        <test-method status="PASS" signature="postcondition()[pri:0, instance:Guru99Pack.Test_HomePage@13a6057]" name="postcondition" is-config="true" duration-ms="312" started-at="2015-12-14T18:44:27Z" finished-at="2015-12-14T18:44:27Z">
          <reporter-output>
            <line>
              <![CDATA[Application is logged out]]>
            </line>
          </reporter-output>
        </test-method> <!-- postcondition -->
        <test-method status="PASS" signature="precondition(java.lang.String)[pri:0, instance:Guru99Pack.Test_HomePage@13a6057]" name="precondition" is-config="true" duration-ms="10625" started-at="2015-12-14T18:44:27Z" finished-at="2015-12-14T18:44:38Z">
          <params>
            <param index="0">
              <value>
                <![CDATA[Firefox]]>
              </value>
            </param>
          </params>
          <reporter-output>
            <line>
              <![CDATA[Application is loaded]]>
            </line>
          </reporter-output>
        </test-method> <!-- precondition -->
        <test-method status="PASS" signature="test_ClickingsidebarMenu()[pri:2, instance:Guru99Pack.Test_HomePage@13a6057]" name="test_ClickingsidebarMenu" duration-ms="28266" started-at="2015-12-14T18:44:38Z" finished-at="2015-12-14T18:45:06Z">
          <reporter-output>
            <line>
              <![CDATA[User is logged in successfully]]>
            </line>
            <line>
              <![CDATA[User is navigated to New Customer Page successfully]]>
            </line>
            <line>
              <![CDATA[User is navigated to Edit Customer Page successfully]]>
            </line>
            <line>
              <![CDATA[User is navigated to Delete Customer Page successfully]]>
            </line>
            <line>
              <![CDATA[User is navigated to New Account Page successfully]]>
            </line>
            <line>
              <![CDATA[User is navigated to Edit Account Page successfully]]>
            </line>
            <line>
              <![CDATA[User is navigated to Delete Account Page successfully]]>
            </line>
            <line>
              <![CDATA[User is navigated to Deposit Page successfully]]>
            </line>
            <line>
              <![CDATA[User is navigated to Withdrawal Page successfully]]>
            </line>
            <line>
              <![CDATA[User is navigated to Fund Transfer Page successfully]]>
            </line>
            <line>
              <![CDATA[User is navigated to Change password Page successfully]]>
            </line>
            <line>
              <![CDATA[User is navigated Balance Enqiry Page successfully]]>
            </line>
            <line>
              <![CDATA[User is navigated to Mini Statement Page successfully]]>
            </line>
            <line>
              <![CDATA[User is navigated to Customised Statement Page successfully]]>
            </line>
          </reporter-output>
        </test-method> <!-- test_ClickingsidebarMenu -->
        <test-method status="PASS" signature="postcondition()[pri:0, instance:Guru99Pack.Test_HomePage@13a6057]" name="postcondition" is-config="true" duration-ms="390" started-at="2015-12-14T18:45:06Z" finished-at="2015-12-14T18:45:06Z">
          <reporter-output>
            <line>
              <![CDATA[Application is logged out]]>
            </line>
          </reporter-output>
        </test-method> <!-- postcondition -->
      </class> <!-- Guru99Pack.Test_HomePage -->
      <class name="Guru99Pack.Test_LoginPage">
        <test-method status="PASS" signature="precondition(java.lang.String)[pri:0, instance:Guru99Pack.Test_LoginPage@bd133e]" name="precondition" is-config="true" duration-ms="18687" started-at="2015-12-14T18:43:49Z" finished-at="2015-12-14T18:44:07Z">
          <params>
            <param index="0">
              <value>
                <![CDATA[Firefox]]>
              </value>
            </param>
          </params>
          <reporter-output>
            <line>
              <![CDATA[Application is loaded]]>
            </line>
          </reporter-output>
        </test-method> <!-- precondition -->
        <test-method status="PASS" signature="test_LoginPage_VerifyLogin(java.lang.String, java.lang.String)[pri:0, instance:Guru99Pack.Test_LoginPage@bd133e]" name="test_LoginPage_VerifyLogin" duration-ms="4125" started-at="2015-12-14T18:44:07Z" finished-at="2015-12-14T18:44:11Z">
          <params>
            <param index="0">
              <value>
                <![CDATA[C:\\Documents and Settings\\Pooja T\\git\\Guru99Proj\\Guru99Proj\\TestData.xls]]>
              </value>
            </param>
            <param index="1">
              <value>
                <![CDATA[Sheet1]]>
              </value>
            </param>
          </params>
          <reporter-output>
            <line>
              <![CDATA[User is logged in successfully]]>
            </line>
            <line>
              <![CDATA[Title of login page is:guru99 bank]]>
            </line>
            <line>
              <![CDATA[User is logged in successfully and the login page is also verified]]>
            </line>
          </reporter-output>
        </test-method> <!-- test_LoginPage_VerifyLogin -->
        <test-method status="PASS" signature="postcondition()[pri:0, instance:Guru99Pack.Test_LoginPage@bd133e]" name="postcondition" is-config="true" duration-ms="656" started-at="2015-12-14T18:44:11Z" finished-at="2015-12-14T18:44:12Z">
          <reporter-output>
            <line>
              <![CDATA[Application is logged out]]>
            </line>
          </reporter-output>
        </test-method> <!-- postcondition -->
        <test-method status="PASS" signature="tearDown()[pri:0, instance:Guru99Pack.Test_LoginPage@bd133e]" name="tearDown" is-config="true" duration-ms="5766" started-at="2015-12-14T18:45:06Z" finished-at="2015-12-14T18:45:12Z">
          <reporter-output>
          </reporter-output>
        </test-method> <!-- tearDown -->
      </class> <!-- Guru99Pack.Test_LoginPage -->
    </test> <!-- Test -->
  </suite> <!-- Suite -->
</testng-results>
