<?xml version="1.0" encoding="UTF-8"?>
<testng-results skipped="0" failed="0" total="3" passed="3">
  <reporter-output>
    <line>
      <![CDATA[Application is loaded]]>
    </line>
    <line>
      <![CDATA[User is logged in successfully]]>
    </line>
    <line>
      <![CDATA[Title of login page is:guru99 bank]]>
    </line>
    <line>
      <![CDATA[User is logged in successfully and the login page is also verified]]>
    </line>
    <line>
      <![CDATA[Application is logged out]]>
    </line>
    <line>
      <![CDATA[Application is loaded]]>
    </line>
    <line>
      <![CDATA[User is logged in successfully]]>
    </line>
    <line>
      <![CDATA[Welcome text is:Welcome To Manager's Page of Guru99 Bank]]>
    </line>
    <line>
      <![CDATA[Application is logged out]]>
    </line>
    <line>
      <![CDATA[Application is loaded]]>
    </line>
    <line>
      <![CDATA[User is logged in successfully]]>
    </line>
    <line>
      <![CDATA[User is navigated to New Customer Page successfully]]>
    </line>
    <line>
      <![CDATA[User is navigated to Edit Customer Page successfully]]>
    </line>
    <line>
      <![CDATA[User is navigated to Delete Customer Page successfully]]>
    </line>
    <line>
      <![CDATA[User is navigated to New Account Page successfully]]>
    </line>
    <line>
      <![CDATA[User is navigated to Edit Account Page successfully]]>
    </line>
    <line>
      <![CDATA[User is navigated to Delete Account Page successfully]]>
    </line>
    <line>
      <![CDATA[User is navigated to Deposit Page successfully]]>
    </line>
    <line>
      <![CDATA[User is navigated to Withdrawal Page successfully]]>
    </line>
    <line>
      <![CDATA[User is navigated to Fund Transfer Page successfully]]>
    </line>
    <line>
      <![CDATA[User is navigated to Change password Page successfully]]>
    </line>
    <line>
      <![CDATA[User is navigated Balance Enqiry Page successfully]]>
    </line>
    <line>
      <![CDATA[User is navigated to Mini Statement Page successfully]]>
    </line>
    <line>
      <![CDATA[User is navigated to Customised Statement Page successfully]]>
    </line>
    <line>
      <![CDATA[Application is logged out]]>
    </line>
  </reporter-output>
  <suite name="Suite" duration-ms="88469" started-at="2015-12-13T19:14:58Z" finished-at="2015-12-13T19:16:26Z">
    <groups>
    </groups>
    <test name="Test" duration-ms="88469" started-at="2015-12-13T19:14:58Z" finished-at="2015-12-13T19:16:26Z">
      <class name="Guru99Pack.Test_HomePage">
        <test-method status="PASS" signature="precondition(java.lang.String)[pri:0, instance:Guru99Pack.Test_HomePage@150388c]" name="precondition" is-config="true" duration-ms="18313" started-at="2015-12-14T00:45:20Z" finished-at="2015-12-14T00:45:38Z">
          <params>
            <param index="0">
              <value>
                <![CDATA[Firefox]]>
              </value>
            </param>
          </params>
          <reporter-output>
            <line>
              <![CDATA[Application is loaded]]>
            </line>
          </reporter-output>
        </test-method> <!-- precondition -->
        <test-method status="PASS" signature="test_HomePage_VerifyWelcomeText()[pri:1, instance:Guru99Pack.Test_HomePage@150388c]" name="test_HomePage_VerifyWelcomeText" duration-ms="2515" started-at="2015-12-14T00:45:38Z" finished-at="2015-12-14T00:45:40Z">
          <reporter-output>
            <line>
              <![CDATA[User is logged in successfully]]>
            </line>
            <line>
              <![CDATA[Welcome text is:Welcome To Manager's Page of Guru99 Bank]]>
            </line>
          </reporter-output>
        </test-method> <!-- test_HomePage_VerifyWelcomeText -->
        <test-method status="PASS" signature="postcondition()[pri:0, instance:Guru99Pack.Test_HomePage@150388c]" name="postcondition" is-config="true" duration-ms="360" started-at="2015-12-14T00:45:40Z" finished-at="2015-12-14T00:45:41Z">
          <reporter-output>
            <line>
              <![CDATA[Application is logged out]]>
            </line>
          </reporter-output>
        </test-method> <!-- postcondition -->
        <test-method status="PASS" signature="precondition(java.lang.String)[pri:0, instance:Guru99Pack.Test_HomePage@150388c]" name="precondition" is-config="true" duration-ms="15875" started-at="2015-12-14T00:45:41Z" finished-at="2015-12-14T00:45:57Z">
          <params>
            <param index="0">
              <value>
                <![CDATA[Firefox]]>
              </value>
            </param>
          </params>
          <reporter-output>
            <line>
              <![CDATA[Application is loaded]]>
            </line>
          </reporter-output>
        </test-method> <!-- precondition -->
        <test-method status="PASS" signature="test_ClickingsidebarMenu()[pri:2, instance:Guru99Pack.Test_HomePage@150388c]" name="test_ClickingsidebarMenu" duration-ms="29343" started-at="2015-12-14T00:45:57Z" finished-at="2015-12-14T00:46:26Z">
          <reporter-output>
            <line>
              <![CDATA[User is logged in successfully]]>
            </line>
            <line>
              <![CDATA[User is navigated to New Customer Page successfully]]>
            </line>
            <line>
              <![CDATA[User is navigated to Edit Customer Page successfully]]>
            </line>
            <line>
              <![CDATA[User is navigated to Delete Customer Page successfully]]>
            </line>
            <line>
              <![CDATA[User is navigated to New Account Page successfully]]>
            </line>
            <line>
              <![CDATA[User is navigated to Edit Account Page successfully]]>
            </line>
            <line>
              <![CDATA[User is navigated to Delete Account Page successfully]]>
            </line>
            <line>
              <![CDATA[User is navigated to Deposit Page successfully]]>
            </line>
            <line>
              <![CDATA[User is navigated to Withdrawal Page successfully]]>
            </line>
            <line>
              <![CDATA[User is navigated to Fund Transfer Page successfully]]>
            </line>
            <line>
              <![CDATA[User is navigated to Change password Page successfully]]>
            </line>
            <line>
              <![CDATA[User is navigated Balance Enqiry Page successfully]]>
            </line>
            <line>
              <![CDATA[User is navigated to Mini Statement Page successfully]]>
            </line>
            <line>
              <![CDATA[User is navigated to Customised Statement Page successfully]]>
            </line>
          </reporter-output>
        </test-method> <!-- test_ClickingsidebarMenu -->
        <test-method status="PASS" signature="postcondition()[pri:0, instance:Guru99Pack.Test_HomePage@150388c]" name="postcondition" is-config="true" duration-ms="375" started-at="2015-12-14T00:46:26Z" finished-at="2015-12-14T00:46:26Z">
          <reporter-output>
            <line>
              <![CDATA[Application is logged out]]>
            </line>
          </reporter-output>
        </test-method> <!-- postcondition -->
      </class> <!-- Guru99Pack.Test_HomePage -->
      <class name="Guru99Pack.Test_LoginPage">
        <test-method status="PASS" signature="precondition(java.lang.String)[pri:0, instance:Guru99Pack.Test_LoginPage@186787c]" name="precondition" is-config="true" duration-ms="14625" started-at="2015-12-14T00:44:58Z" finished-at="2015-12-14T00:45:13Z">
          <params>
            <param index="0">
              <value>
                <![CDATA[Firefox]]>
              </value>
            </param>
          </params>
          <reporter-output>
            <line>
              <![CDATA[Application is loaded]]>
            </line>
          </reporter-output>
        </test-method> <!-- precondition -->
        <test-method status="PASS" signature="test_LoginPage_VerifyLogin(java.lang.String, java.lang.String)[pri:0, instance:Guru99Pack.Test_LoginPage@186787c]" name="test_LoginPage_VerifyLogin" duration-ms="6296" started-at="2015-12-14T00:45:13Z" finished-at="2015-12-14T00:45:19Z">
          <params>
            <param index="0">
              <value>
                <![CDATA[C:\\Documents and Settings\\Pooja T\\git\\Guru99Proj\\Guru99Proj\\TestData.xls]]>
              </value>
            </param>
            <param index="1">
              <value>
                <![CDATA[Sheet1]]>
              </value>
            </param>
          </params>
          <reporter-output>
            <line>
              <![CDATA[User is logged in successfully]]>
            </line>
            <line>
              <![CDATA[Title of login page is:guru99 bank]]>
            </line>
            <line>
              <![CDATA[User is logged in successfully and the login page is also verified]]>
            </line>
          </reporter-output>
        </test-method> <!-- test_LoginPage_VerifyLogin -->
        <test-method status="PASS" signature="postcondition()[pri:0, instance:Guru99Pack.Test_LoginPage@186787c]" name="postcondition" is-config="true" duration-ms="719" started-at="2015-12-14T00:45:19Z" finished-at="2015-12-14T00:45:20Z">
          <reporter-output>
            <line>
              <![CDATA[Application is logged out]]>
            </line>
          </reporter-output>
        </test-method> <!-- postcondition -->
      </class> <!-- Guru99Pack.Test_LoginPage -->
    </test> <!-- Test -->
  </suite> <!-- Suite -->
</testng-results>
